Using pre-set license
Built from '6000.0/release' branch; Version is '6000.0.43f1 (97272b72f107) revision 9905963'; Using compiler version '193933523'; Build Type 'Release'
OS: 'Windows 11  (10.0.26100) 64bit Core' Language: 'en' Physical Memory: 32552 MB
BatchMode: 1, IsHumanControllingUs: 0, StartBugReporterOnCrash: 0, Is64bit: 1, IsPro: 1

COMMAND LINE ARGUMENTS:
C:\Program Files\Unity\Hub\Editor\6000.0.43f1\Editor\Unity.exe
-adb2
-batchMode
-noUpm
-name
AssetImportWorker2
-projectPath
C:/Users/zacha/Documents/Unity Procedural Generation/Procedural Dungeon/Procedural-Dungeon
-logFile
Logs/AssetImportWorker2.log
-srvPort
59880
-job-worker-count
5
-background-job-worker-count
8
-gc-helper-count
1
Successfully changed project path to: C:/Users/zacha/Documents/Unity Procedural Generation/Procedural Dungeon/Procedural-Dungeon
C:/Users/zacha/Documents/Unity Procedural Generation/Procedural Dungeon/Procedural-Dungeon
[UnityMemory] Configuration Parameters - Can be set up in boot.config
    "memorysetup-bucket-allocator-granularity=16"
    "memorysetup-bucket-allocator-bucket-count=8"
    "memorysetup-bucket-allocator-block-size=33554432"
    "memorysetup-bucket-allocator-block-count=8"
    "memorysetup-main-allocator-block-size=16777216"
    "memorysetup-thread-allocator-block-size=16777216"
    "memorysetup-gfx-main-allocator-block-size=16777216"
    "memorysetup-gfx-thread-allocator-block-size=16777216"
    "memorysetup-cache-allocator-block-size=4194304"
    "memorysetup-typetree-allocator-block-size=2097152"
    "memorysetup-profiler-bucket-allocator-granularity=16"
    "memorysetup-profiler-bucket-allocator-bucket-count=8"
    "memorysetup-profiler-bucket-allocator-block-size=33554432"
    "memorysetup-profiler-bucket-allocator-block-count=8"
    "memorysetup-profiler-allocator-block-size=16777216"
    "memorysetup-profiler-editor-allocator-block-size=1048576"
    "memorysetup-temp-allocator-size-main=16777216"
    "memorysetup-job-temp-allocator-block-size=2097152"
    "memorysetup-job-temp-allocator-block-size-background=1048576"
    "memorysetup-job-temp-allocator-reduction-small-platforms=262144"
    "memorysetup-allocator-temp-initial-block-size-main=262144"
    "memorysetup-allocator-temp-initial-block-size-worker=262144"
    "memorysetup-temp-allocator-size-background-worker=32768"
    "memorysetup-temp-allocator-size-job-worker=262144"
    "memorysetup-temp-allocator-size-preload-manager=33554432"
    "memorysetup-temp-allocator-size-nav-mesh-worker=65536"
    "memorysetup-temp-allocator-size-audio-worker=65536"
    "memorysetup-temp-allocator-size-cloud-worker=32768"
    "memorysetup-temp-allocator-size-gi-baking-worker=262144"
    "memorysetup-temp-allocator-size-gi-baking-worker=262144"
    "memorysetup-temp-allocator-size-gi-baking-worker=262144"
    "memorysetup-temp-allocator-size-gi-baking-worker=262144"
    "memorysetup-temp-allocator-size-gi-baking-worker=262144"
    "memorysetup-temp-allocator-size-gfx=262144"
Player connection [45084]  Target information:

Player connection [45084]  * "[IP] 10.0.0.64 [Port] 0 [Flags] 2 [Guid] 4098783142 [EditorId] 4098783142 [Version] 1048832 [Id] WindowsEditor(7,ZichaelHoe) [Debug] 1 [PackageName] WindowsEditor [ProjectName] Editor" 

Player connection [45084] Host joined multi-casting on [225.0.0.222:54997]...
Player connection [45084] Host joined alternative multi-casting on [225.0.0.222:34997]...
JobSystem: Creating JobQueue using job-worker-count value 5
Input System module state changed to: Initialized.
[Physics::Module] Initialized fallback backend.
[Physics::Module] Id: 0xdecafbad
Library Redirect Path: Library/
[Physics::Module] Selected backend.
[Physics::Module] Name: PhysX
[Physics::Module] Id: 0xf2b8ea05
[Physics::Module] SDK Version: 4.1.2
[Physics::Module] Integration Version: 1.0.0
[Physics::Module] Threading Mode: Multi-Threaded
Refreshing native plugins compatible for Editor in 2.51 ms, found 3 plugins.
Preloading 0 native plugins for Editor in 0.00 ms.
Initialize engine version: 6000.0.43f1 (97272b72f107)
[Subsystems] Discovering subsystems at path C:/Program Files/Unity/Hub/Editor/6000.0.43f1/Editor/Data/Resources/UnitySubsystems
[Subsystems] Discovering subsystems at path C:/Users/zacha/Documents/Unity Procedural Generation/Procedural Dungeon/Procedural-Dungeon/Assets
GfxDevice: creating device client; kGfxThreadingModeNonThreaded
Direct3D:
    Version:  Direct3D 11.0 [level 11.1]
    Renderer: NVIDIA GeForce RTX 3060 (ID=0x2504)
    Vendor:   NVIDIA
    VRAM:     12115 MB
    Driver:   32.0.15.6094
Initialize mono
Mono path[0] = 'C:/Program Files/Unity/Hub/Editor/6000.0.43f1/Editor/Data/Managed'
Mono path[1] = 'C:/Program Files/Unity/Hub/Editor/6000.0.43f1/Editor/Data/MonoBleedingEdge/lib/mono/unityjit-win32'
Mono config path = 'C:/Program Files/Unity/Hub/Editor/6000.0.43f1/Editor/Data/MonoBleedingEdge/etc'
Using monoOptions --debugger-agent=transport=dt_socket,embedding=1,server=y,suspend=n,address=127.0.0.1:56428
Begin MonoManager ReloadAssembly
Registering precompiled unity dll's ...
Register platform support module: C:/Program Files/Unity/Hub/Editor/6000.0.43f1/Editor/Data/PlaybackEngines/WindowsStandaloneSupport/UnityEditor.WindowsStandalone.Extensions.dll
Registered in 0.003764 seconds.
- Loaded All Assemblies, in  0.994 seconds
Native extension for WindowsStandalone target not found
Mono: successfully reloaded assembly
- Finished resetting the current domain, in  0.318 seconds
Domain Reload Profiling: 1308ms
	BeginReloadAssembly (170ms)
		ExecutionOrderSort (0ms)
		DisableScriptedObjects (0ms)
		BackupInstance (0ms)
		ReleaseScriptingObjects (0ms)
		CreateAndSetChildDomain (1ms)
	RebuildCommonClasses (223ms)
	RebuildNativeTypeToScriptingClass (10ms)
	initialDomainReloadingComplete (49ms)
	LoadAllAssembliesAndSetupDomain (539ms)
		LoadAssemblies (165ms)
		RebuildTransferFunctionScriptingTraits (0ms)
		AnalyzeDomain (537ms)
			TypeCache.Refresh (535ms)
				TypeCache.ScanAssembly (523ms)
			BuildScriptInfoCaches (0ms)
			ResolveRequiredComponents (0ms)
	FinalizeReload (318ms)
		ReleaseScriptCaches (0ms)
		RebuildScriptCaches (0ms)
		SetupLoadedEditorAssemblies (276ms)
			LogAssemblyErrors (0ms)
			InitializePlatformSupportModulesInManaged (23ms)
			SetLoadedEditorAssemblies (4ms)
			BeforeProcessingInitializeOnLoad (47ms)
			ProcessInitializeOnLoadAttributes (133ms)
			ProcessInitializeOnLoadMethodAttributes (68ms)
			AfterProcessingInitializeOnLoad (0ms)
			EditorAssembliesLoaded (0ms)
		ExecutionOrderSort2 (0ms)
		AwakeInstancesAfterBackupRestoration (0ms)
========================================================================
Worker process is ready to serve import requests
Import Worker Mode flag is 0x00
Begin MonoManager ReloadAssembly
- Loaded All Assemblies, in  0.782 seconds
Refreshing native plugins compatible for Editor in 1.45 ms, found 3 plugins.
Native extension for WindowsStandalone target not found
Mono: successfully reloaded assembly
- Finished resetting the current domain, in  1.144 seconds
Domain Reload Profiling: 1919ms
	BeginReloadAssembly (165ms)
		ExecutionOrderSort (0ms)
		DisableScriptedObjects (7ms)
		BackupInstance (0ms)
		ReleaseScriptingObjects (0ms)
		CreateAndSetChildDomain (30ms)
	RebuildCommonClasses (33ms)
	RebuildNativeTypeToScriptingClass (9ms)
	initialDomainReloadingComplete (40ms)
	LoadAllAssembliesAndSetupDomain (528ms)
		LoadAssemblies (356ms)
		RebuildTransferFunctionScriptingTraits (0ms)
		AnalyzeDomain (269ms)
			TypeCache.Refresh (209ms)
				TypeCache.ScanAssembly (143ms)
			BuildScriptInfoCaches (48ms)
			ResolveRequiredComponents (10ms)
	FinalizeReload (1144ms)
		ReleaseScriptCaches (0ms)
		RebuildScriptCaches (0ms)
		SetupLoadedEditorAssemblies (673ms)
			LogAssemblyErrors (0ms)
			InitializePlatformSupportModulesInManaged (2ms)
			SetLoadedEditorAssemblies (4ms)
			BeforeProcessingInitializeOnLoad (122ms)
			ProcessInitializeOnLoadAttributes (458ms)
			ProcessInitializeOnLoadMethodAttributes (79ms)
			AfterProcessingInitializeOnLoad (8ms)
			EditorAssembliesLoaded (0ms)
		ExecutionOrderSort2 (0ms)
		AwakeInstancesAfterBackupRestoration (6ms)
Launched and connected shader compiler UnityShaderCompiler.exe after 0.04 seconds
Refreshing native plugins compatible for Editor in 1.48 ms, found 3 plugins.
Preloading 0 native plugins for Editor in 0.00 ms.
Unloading 198 Unused Serialized files (Serialized files now loaded: 0)
Unloading 5957 unused Assets / (4.8 MB). Loaded Objects now: 6644.
Memory consumption went from 158.0 MB to 153.2 MB.
Total: 8.903900 ms (FindLiveObjects: 0.646400 ms CreateObjectMapping: 0.409800 ms MarkObjects: 4.824600 ms  DeleteObjects: 3.022000 ms)

========================================================================
Received Import Request.
  Time since last request: 2582492.657459 seconds.
  path: Assets/Dungeon_Tileset/Models/Dungeon_Tilemap_07_90.fbx
  artifactKey: Guid(918035fabcdcfa64dacddd8f8bb37081) Importer(815301076,1909f56bfc062723c751e8b465ee728b)
Start importing Assets/Dungeon_Tileset/Models/Dungeon_Tilemap_07_90.fbx using Guid(918035fabcdcfa64dacddd8f8bb37081) Importer(815301076,1909f56bfc062723c751e8b465ee728b) (PreviewImporter) -> (artifact id: '5978f2fd7076710f99dbb7983fbcfbca') in 0.8166572 seconds
Number of updated asset objects reloaded before import = 0Number of asset objects unloaded after import = 11

========================================================================
Received Prepare
Begin MonoManager ReloadAssembly
- Loaded All Assemblies, in  0.838 seconds
Refreshing native plugins compatible for Editor in 1.89 ms, found 3 plugins.
Native extension for WindowsStandalone target not found
Mono: successfully reloaded assembly
- Finished resetting the current domain, in  0.993 seconds
Domain Reload Profiling: 1826ms
	BeginReloadAssembly (243ms)
		ExecutionOrderSort (0ms)
		DisableScriptedObjects (19ms)
		BackupInstance (0ms)
		ReleaseScriptingObjects (0ms)
		CreateAndSetChildDomain (71ms)
	RebuildCommonClasses (34ms)
	RebuildNativeTypeToScriptingClass (12ms)
	initialDomainReloadingComplete (36ms)
	LoadAllAssembliesAndSetupDomain (507ms)
		LoadAssemblies (404ms)
		RebuildTransferFunctionScriptingTraits (0ms)
		AnalyzeDomain (209ms)
			TypeCache.Refresh (9ms)
				TypeCache.ScanAssembly (0ms)
			BuildScriptInfoCaches (184ms)
			ResolveRequiredComponents (11ms)
	FinalizeReload (994ms)
		ReleaseScriptCaches (0ms)
		RebuildScriptCaches (0ms)
		SetupLoadedEditorAssemblies (764ms)
			LogAssemblyErrors (0ms)
			InitializePlatformSupportModulesInManaged (3ms)
			SetLoadedEditorAssemblies (5ms)
			BeforeProcessingInitializeOnLoad (135ms)
			ProcessInitializeOnLoadAttributes (546ms)
			ProcessInitializeOnLoadMethodAttributes (66ms)
			AfterProcessingInitializeOnLoad (9ms)
			EditorAssembliesLoaded (0ms)
		ExecutionOrderSort2 (0ms)
		AwakeInstancesAfterBackupRestoration (18ms)
Refreshing native plugins compatible for Editor in 2.78 ms, found 3 plugins.
Preloading 0 native plugins for Editor in 0.00 ms.
Unloading 23 Unused Serialized files (Serialized files now loaded: 0)
Unloading 5954 unused Assets / (4.4 MB). Loaded Objects now: 6728.
Memory consumption went from 151.7 MB to 147.3 MB.
Total: 12.398500 ms (FindLiveObjects: 1.153200 ms CreateObjectMapping: 1.135400 ms MarkObjects: 6.998100 ms  DeleteObjects: 3.110500 ms)

Prepare: number of updated asset objects reloaded= 0
========================================================================
Received Import Request.
  Time since last request: 12.918479 seconds.
  path: Assets/Dungeon_Tileset/Models/Props
  artifactKey: Guid(e069450ad5717864ba8258a404c18ca8) Importer(815301076,1909f56bfc062723c751e8b465ee728b)
Start importing Assets/Dungeon_Tileset/Models/Props using Guid(e069450ad5717864ba8258a404c18ca8) Importer(815301076,1909f56bfc062723c751e8b465ee728b) (PreviewImporter) -> (artifact id: '159763dc191aab53bc2477867dd9aabe') in 0.0067257 seconds
Number of updated asset objects reloaded before import = 0Number of asset objects unloaded after import = 0

========================================================================
Received Import Request.
  Time since last request: 0.000017 seconds.
  path: Assets/Dungeon_Tileset/Models/Props/Barrel.fbx
  artifactKey: Guid(eb674d8ecedf6434382bb3c1a0a6dbf4) Importer(815301076,1909f56bfc062723c751e8b465ee728b)
Start importing Assets/Dungeon_Tileset/Models/Props/Barrel.fbx using Guid(eb674d8ecedf6434382bb3c1a0a6dbf4) Importer(815301076,1909f56bfc062723c751e8b465ee728b) (PreviewImporter) -> (artifact id: 'e558dd702a7d25e73abfe511f7f21559') in 0.5220558 seconds
Number of updated asset objects reloaded before import = 0Number of asset objects unloaded after import = 7

========================================================================
Received Import Request.
  Time since last request: 0.000026 seconds.
  path: Assets/Dungeon_Tileset/Models/Props/Torch.fbx
  artifactKey: Guid(3afa91d99de651d4d963703053bfc3e4) Importer(815301076,1909f56bfc062723c751e8b465ee728b)
Start importing Assets/Dungeon_Tileset/Models/Props/Torch.fbx using Guid(3afa91d99de651d4d963703053bfc3e4) Importer(815301076,1909f56bfc062723c751e8b465ee728b) (PreviewImporter) -> (artifact id: 'cad4a1ac5813ac2bb89b029aef203726') in 0.0254717 seconds
Number of updated asset objects reloaded before import = 0Number of asset objects unloaded after import = 7

========================================================================
Received Import Request.
  Time since last request: 0.000035 seconds.
  path: Assets/Dungeon_Tileset/Models/Props/Chest_Big_gold.fbx
  artifactKey: Guid(47c0c16c0c18e3243b1438880445ec7f) Importer(815301076,1909f56bfc062723c751e8b465ee728b)
Start importing Assets/Dungeon_Tileset/Models/Props/Chest_Big_gold.fbx using Guid(47c0c16c0c18e3243b1438880445ec7f) Importer(815301076,1909f56bfc062723c751e8b465ee728b) (PreviewImporter) -> (artifact id: '318c8160d74861b1ce804d83ec351bb7') in 0.0231915 seconds
Number of updated asset objects reloaded before import = 0Number of asset objects unloaded after import = 7

========================================================================
Received Import Request.
  Time since last request: 0.000026 seconds.
  path: Assets/Dungeon_Tileset/Models/Props/Chest_Big_Closed.fbx
  artifactKey: Guid(8a9b1b27ae800334caa20f01a31cc8b9) Importer(815301076,1909f56bfc062723c751e8b465ee728b)
Start importing Assets/Dungeon_Tileset/Models/Props/Chest_Big_Closed.fbx using Guid(8a9b1b27ae800334caa20f01a31cc8b9) Importer(815301076,1909f56bfc062723c751e8b465ee728b) (PreviewImporter) -> (artifact id: '5d70b9e76831bd6f046648e86249a745') in 0.0237618 seconds
Number of updated asset objects reloaded before import = 0Number of asset objects unloaded after import = 7

========================================================================
Received Import Request.
  Time since last request: 0.000024 seconds.
  path: Assets/Dungeon_Tileset/Models/Props/Candle_3.fbx
  artifactKey: Guid(63ed30966ffc65145a033709d72d94ef) Importer(815301076,1909f56bfc062723c751e8b465ee728b)
Start importing Assets/Dungeon_Tileset/Models/Props/Candle_3.fbx using Guid(63ed30966ffc65145a033709d72d94ef) Importer(815301076,1909f56bfc062723c751e8b465ee728b) (PreviewImporter) -> (artifact id: 'a8f5a83882baf34ec5ea175952964f4f') in 0.0291373 seconds
Number of updated asset objects reloaded before import = 0Number of asset objects unloaded after import = 7

========================================================================
Received Import Request.
  Time since last request: 0.000031 seconds.
  path: Assets/Dungeon_Tileset/Models/Props/Wall_Chain_2.fbx
  artifactKey: Guid(c7d77acb657d4334d9e5823a9faaa493) Importer(815301076,1909f56bfc062723c751e8b465ee728b)
Start importing Assets/Dungeon_Tileset/Models/Props/Wall_Chain_2.fbx using Guid(c7d77acb657d4334d9e5823a9faaa493) Importer(815301076,1909f56bfc062723c751e8b465ee728b) (PreviewImporter) -> (artifact id: '95cb037046bfba1154043c3c5b62de4e') in 0.0248888 seconds
Number of updated asset objects reloaded before import = 0Number of asset objects unloaded after import = 7

========================================================================
Received Import Request.
  Time since last request: 0.000022 seconds.
  path: Assets/Dungeon_Tileset/Models/Props/Stones.fbx
  artifactKey: Guid(e684e380c6d16dd488fe319986083cd8) Importer(815301076,1909f56bfc062723c751e8b465ee728b)
Start importing Assets/Dungeon_Tileset/Models/Props/Stones.fbx using Guid(e684e380c6d16dd488fe319986083cd8) Importer(815301076,1909f56bfc062723c751e8b465ee728b) (PreviewImporter) -> (artifact id: 'f5cdab15136119729ae89b80b05b2c55') in 0.0238862 seconds
Number of updated asset objects reloaded before import = 0Number of asset objects unloaded after import = 7

========================================================================
Received Import Request.
  Time since last request: 0.000033 seconds.
  path: Assets/Dungeon_Tileset/Models/Props/Potion.fbx
  artifactKey: Guid(d48ecb3116ebde042baf6a5a6206a59e) Importer(815301076,1909f56bfc062723c751e8b465ee728b)
Start importing Assets/Dungeon_Tileset/Models/Props/Potion.fbx using Guid(d48ecb3116ebde042baf6a5a6206a59e) Importer(815301076,1909f56bfc062723c751e8b465ee728b) (PreviewImporter) -> (artifact id: '0ba5974fe391c5bfca4ec368ae4c36a2') in 0.030624 seconds
Number of updated asset objects reloaded before import = 0Number of asset objects unloaded after import = 7

========================================================================
Received Import Request.
  Time since last request: 0.000022 seconds.
  path: Assets/Dungeon_Tileset/Models/Props/Chest_Big.fbx
  artifactKey: Guid(45f5dac736e8bce4db750ddb15b3a483) Importer(815301076,1909f56bfc062723c751e8b465ee728b)
Start importing Assets/Dungeon_Tileset/Models/Props/Chest_Big.fbx using Guid(45f5dac736e8bce4db750ddb15b3a483) Importer(815301076,1909f56bfc062723c751e8b465ee728b) (PreviewImporter) -> (artifact id: '9d9c9a8abc65a3df1d6935475adc1f23') in 0.0223974 seconds
Number of updated asset objects reloaded before import = 0Number of asset objects unloaded after import = 7

========================================================================
Received Prepare
Begin MonoManager ReloadAssembly
- Loaded All Assemblies, in  0.770 seconds
Refreshing native plugins compatible for Editor in 1.35 ms, found 3 plugins.
Native extension for WindowsStandalone target not found
Mono: successfully reloaded assembly
- Finished resetting the current domain, in  0.864 seconds
Domain Reload Profiling: 1649ms
	BeginReloadAssembly (226ms)
		ExecutionOrderSort (0ms)
		DisableScriptedObjects (18ms)
		BackupInstance (0ms)
		ReleaseScriptingObjects (0ms)
		CreateAndSetChildDomain (65ms)
	RebuildCommonClasses (36ms)
	RebuildNativeTypeToScriptingClass (12ms)
	initialDomainReloadingComplete (31ms)
	LoadAllAssembliesAndSetupDomain (478ms)
		LoadAssemblies (364ms)
		RebuildTransferFunctionScriptingTraits (0ms)
		AnalyzeDomain (193ms)
			TypeCache.Refresh (5ms)
				TypeCache.ScanAssembly (0ms)
			BuildScriptInfoCaches (171ms)
			ResolveRequiredComponents (14ms)
	FinalizeReload (864ms)
		ReleaseScriptCaches (0ms)
		RebuildScriptCaches (0ms)
		SetupLoadedEditorAssemblies (678ms)
			LogAssemblyErrors (0ms)
			InitializePlatformSupportModulesInManaged (2ms)
			SetLoadedEditorAssemblies (4ms)
			BeforeProcessingInitializeOnLoad (112ms)
			ProcessInitializeOnLoadAttributes (483ms)
			ProcessInitializeOnLoadMethodAttributes (69ms)
			AfterProcessingInitializeOnLoad (9ms)
			EditorAssembliesLoaded (0ms)
		ExecutionOrderSort2 (0ms)
		AwakeInstancesAfterBackupRestoration (15ms)
Refreshing native plugins compatible for Editor in 1.84 ms, found 3 plugins.
Preloading 0 native plugins for Editor in 0.00 ms.
Unloading 13 Unused Serialized files (Serialized files now loaded: 0)
Unloading 5954 unused Assets / (4.2 MB). Loaded Objects now: 6750.
Memory consumption went from 154.2 MB to 149.9 MB.
Total: 13.181000 ms (FindLiveObjects: 0.955300 ms CreateObjectMapping: 1.231200 ms MarkObjects: 6.871300 ms  DeleteObjects: 4.121900 ms)

Prepare: number of updated asset objects reloaded= 0
========================================================================
Received Import Request.
  Time since last request: 91.126497 seconds.
  path: Assets/Dungeon_Tileset/Prefabs/Tileset/Dungeon_Tilemap_00 1x1 Variant.prefab
  artifactKey: Guid(ed3655b1ce5aa374ab91a0989e8d035e) Importer(815301076,1909f56bfc062723c751e8b465ee728b)
Start importing Assets/Dungeon_Tileset/Prefabs/Tileset/Dungeon_Tilemap_00 1x1 Variant.prefab using Guid(ed3655b1ce5aa374ab91a0989e8d035e) Importer(815301076,1909f56bfc062723c751e8b465ee728b) (PreviewImporter) -> (artifact id: '101b929851fb69b389f6bc09ed9688c9') in 0.53573 seconds
Number of updated asset objects reloaded before import = 0Number of asset objects unloaded after import = 50

========================================================================
Received Import Request.
  Time since last request: 0.000038 seconds.
  path: Assets/Dungeon_Tileset/Prefabs/Tileset/Dungeon_Tilemap_14_90.prefab
  artifactKey: Guid(3a14612bcd972d346985d348383ff51f) Importer(815301076,1909f56bfc062723c751e8b465ee728b)
Start importing Assets/Dungeon_Tileset/Prefabs/Tileset/Dungeon_Tilemap_14_90.prefab using Guid(3a14612bcd972d346985d348383ff51f) Importer(815301076,1909f56bfc062723c751e8b465ee728b) (PreviewImporter) -> (artifact id: '218c4f1b1913454ba6ff1f44d47e5ce4') in 0.0293241 seconds
Number of updated asset objects reloaded before import = 0Number of asset objects unloaded after import = 25

========================================================================
Received Import Request.
  Time since last request: 0.000036 seconds.
  path: Assets/Dungeon_Tileset/Prefabs/Tileset/Dungeon_Tilemap_07_90.prefab
  artifactKey: Guid(5413b4dddbbf02643acbd97191f26335) Importer(815301076,1909f56bfc062723c751e8b465ee728b)
Start importing Assets/Dungeon_Tileset/Prefabs/Tileset/Dungeon_Tilemap_07_90.prefab using Guid(5413b4dddbbf02643acbd97191f26335) Importer(815301076,1909f56bfc062723c751e8b465ee728b) (PreviewImporter) -> (artifact id: 'c126ed8aa2651fa1ecfa49c9577ab634') in 0.0293615 seconds
Number of updated asset objects reloaded before import = 0Number of asset objects unloaded after import = 24

========================================================================
Received Import Request.
  Time since last request: 0.000071 seconds.
  path: Assets/Dungeon_Tileset/Prefabs/Tileset/Dungeon_Tilemap_04.prefab
  artifactKey: Guid(9b9daf3d7900fd34882a21f7897024e0) Importer(815301076,1909f56bfc062723c751e8b465ee728b)
Start importing Assets/Dungeon_Tileset/Prefabs/Tileset/Dungeon_Tilemap_04.prefab using Guid(9b9daf3d7900fd34882a21f7897024e0) Importer(815301076,1909f56bfc062723c751e8b465ee728b) (PreviewImporter) -> (artifact id: '464d2d148a01fa821bac046fc94e2404') in 0.0289361 seconds
Number of updated asset objects reloaded before import = 0Number of asset objects unloaded after import = 15

========================================================================
Received Import Request.
  Time since last request: 0.000024 seconds.
  path: Assets/Dungeon_Tileset/Prefabs/Tileset/Dungeon_Tilemap_00 5x5 Variant.prefab
  artifactKey: Guid(2d7fedc760fa83a4f95b6cbc9e5d8232) Importer(815301076,1909f56bfc062723c751e8b465ee728b)
Start importing Assets/Dungeon_Tileset/Prefabs/Tileset/Dungeon_Tilemap_00 5x5 Variant.prefab using Guid(2d7fedc760fa83a4f95b6cbc9e5d8232) Importer(815301076,1909f56bfc062723c751e8b465ee728b) (PreviewImporter) -> (artifact id: '28405edc0b28216b3aabfb0979a37eec') in 0.0278894 seconds
Number of updated asset objects reloaded before import = 0Number of asset objects unloaded after import = 26

========================================================================
Received Import Request.
  Time since last request: 0.000032 seconds.
  path: Assets/Dungeon_Tileset/Prefabs/Tileset/Dungeon_Tilemap_14.prefab
  artifactKey: Guid(0d06e60f21fdcb54683cd3b170845b81) Importer(815301076,1909f56bfc062723c751e8b465ee728b)
Start importing Assets/Dungeon_Tileset/Prefabs/Tileset/Dungeon_Tilemap_14.prefab using Guid(0d06e60f21fdcb54683cd3b170845b81) Importer(815301076,1909f56bfc062723c751e8b465ee728b) (PreviewImporter) -> (artifact id: 'ceaab69a25df1f350e782f9795593e1f') in 0.0250546 seconds
Number of updated asset objects reloaded before import = 0Number of asset objects unloaded after import = 15

========================================================================
Received Import Request.
  Time since last request: 0.000063 seconds.
  path: Assets/Dungeon_Tileset/Prefabs/Tileset/Dungeon_Tilemap_10.prefab
  artifactKey: Guid(6be2f2e331e2fca4fb654c037a6745ee) Importer(815301076,1909f56bfc062723c751e8b465ee728b)
Start importing Assets/Dungeon_Tileset/Prefabs/Tileset/Dungeon_Tilemap_10.prefab using Guid(6be2f2e331e2fca4fb654c037a6745ee) Importer(815301076,1909f56bfc062723c751e8b465ee728b) (PreviewImporter) -> (artifact id: '7bdc1cb4ba8af450bdc91119ad70fda8') in 0.0262902 seconds
Number of updated asset objects reloaded before import = 0Number of asset objects unloaded after import = 15

========================================================================
Received Import Request.
  Time since last request: 0.000062 seconds.
  path: Assets/Dungeon_Tileset/Prefabs/Tileset/Dungeon_Tilemap_00 5x5 Border Variant.prefab
  artifactKey: Guid(c569a93e8ac68c34cb232be0861741f3) Importer(815301076,1909f56bfc062723c751e8b465ee728b)
Start importing Assets/Dungeon_Tileset/Prefabs/Tileset/Dungeon_Tilemap_00 5x5 Border Variant.prefab using Guid(c569a93e8ac68c34cb232be0861741f3) Importer(815301076,1909f56bfc062723c751e8b465ee728b) (PreviewImporter) -> (artifact id: 'f41f2e5a4df309dc19ebc52fd4240004') in 0.0533796 seconds
Number of updated asset objects reloaded before import = 0Number of asset objects unloaded after import = 62

========================================================================
Received Import Request.
  Time since last request: 0.000026 seconds.
  path: Assets/Dungeon_Tileset/Prefabs/Tileset/Dungeon_Tilemap_07.prefab
  artifactKey: Guid(cc0b82ab1f8cd824eac7b823f30408fd) Importer(815301076,1909f56bfc062723c751e8b465ee728b)
Start importing Assets/Dungeon_Tileset/Prefabs/Tileset/Dungeon_Tilemap_07.prefab using Guid(cc0b82ab1f8cd824eac7b823f30408fd) Importer(815301076,1909f56bfc062723c751e8b465ee728b) (PreviewImporter) -> (artifact id: '9fe3f64fe5e3086af2200df709cba516') in 0.0279819 seconds
Number of updated asset objects reloaded before import = 0Number of asset objects unloaded after import = 15

========================================================================
Received Import Request.
  Time since last request: 0.000030 seconds.
  path: Assets/Dungeon_Tileset/Prefabs/Tileset/Dungeon_Tilemap_11.prefab
  artifactKey: Guid(7aedbd8ba33f71347adb1ae766293e3a) Importer(815301076,1909f56bfc062723c751e8b465ee728b)
Start importing Assets/Dungeon_Tileset/Prefabs/Tileset/Dungeon_Tilemap_11.prefab using Guid(7aedbd8ba33f71347adb1ae766293e3a) Importer(815301076,1909f56bfc062723c751e8b465ee728b) (PreviewImporter) -> (artifact id: '191da7690f659dced4ef933da75e253a') in 0.0276051 seconds
Number of updated asset objects reloaded before import = 0Number of asset objects unloaded after import = 15

========================================================================
Received Import Request.
  Time since last request: 0.000028 seconds.
  path: Assets/Dungeon_Tileset/Prefabs/Tileset/Dungeon_Tilemap_01.prefab
  artifactKey: Guid(80aa1177eae14584ca51ba8498f3863a) Importer(815301076,1909f56bfc062723c751e8b465ee728b)
Start importing Assets/Dungeon_Tileset/Prefabs/Tileset/Dungeon_Tilemap_01.prefab using Guid(80aa1177eae14584ca51ba8498f3863a) Importer(815301076,1909f56bfc062723c751e8b465ee728b) (PreviewImporter) -> (artifact id: '056567e8db6392d09332185904368849') in 0.0285 seconds
Number of updated asset objects reloaded before import = 0Number of asset objects unloaded after import = 15

Editor requested this worker to shutdown with reason: Scaling down because of idle timeout
AssetImportWorker is now disconnected from the server
Process exiting
Exiting without the bug reporter. Application will terminate with return code 0